[debug] > Exec(;set _root_.scala.collection.Seq(historyPath := None,shellPrompt := { _ => "" },(_root_.sbt.Global / SettingKey[_root_.scala.Option[_root_.sbt.File]]("sbtStructureOutputFile")) := _root_.scala.Some(_root_.sbt.file("/var/folders/3f/fyrksztj6yxgbpxv1167_vrh0000gn/T/sbt-structure3572891970260205029.xml")),(_root_.sbt.Global / SettingKey[_root_.java.lang.String]("sbtStructureOptions")) := "download, resolveSourceClassifiers, separateProdAndTestSources",(_root_.sbt.Global / SettingKey[_root_.scala.Boolean]("generateManagedSourcesDuringStructureDump")) := true);apply -cp "/Users/shawnmeier/Library/Application Support/JetBrains/IdeaIC2025.2/plugins/Scala/repo/org/jetbrains/scala/sbt-structure-extractor_2.12_1.3/2025.3.1/sbt-structure-extractor_2.12_1.3-2025.3.1.jar" "org.jetbrains.sbt.CreateTasks" "sbt.jetbrains.LogDownloadArtifacts";preferScala2;Global / dumpStructure, Some(8b9b8f5d-213b-43f6-a41b-73257a5437d6), Some(CommandSource(console0)))
[debug] > Exec(set _root_.scala.collection.Seq(historyPath := None,shellPrompt := { _ => "" },(_root_.sbt.Global / SettingKey[_root_.scala.Option[_root_.sbt.File]]("sbtStructureOutputFile")) := _root_.scala.Some(_root_.sbt.file("/var/folders/3f/fyrksztj6yxgbpxv1167_vrh0000gn/T/sbt-structure3572891970260205029.xml")),(_root_.sbt.Global / SettingKey[_root_.java.lang.String]("sbtStructureOptions")) := "download, resolveSourceClassifiers, separateProdAndTestSources",(_root_.sbt.Global / SettingKey[_root_.scala.Boolean]("generateManagedSourcesDuringStructureDump")) := true), None, Some(CommandSource(console0)))
[info] Defining Global / generateManagedSourcesDuringStructureDump, Global / sbtStructureOptions and 2 others.
[info] The new values will be used by cleanKeepGlobs
[info] 	Run `last` for details.
[debug] Defining 
[debug] 	Global / generateManagedSourcesDuringStructureDump
[debug] 	Global / sbtStructureOptions
[debug] 	Global / sbtStructureOutputFile
[debug] 	history
[debug] 	shellPrompt
[debug] 
[debug] The new values will be used by 
[debug] 	cleanKeepGlobs
[info] Reapplying settings...
[info]   __              __
[info]   \ \     ____   / /____ _ __  __
[info]    \ \   / __ \ / // __ `// / / /
[info]    / /  / /_/ // // /_/ // /_/ /
[info]   /_/  / .___//_/ \__,_/ \__, /
[info]       /_/               /____/
[info] 
[info] Version 2.9.6 running Java 21.0.9
[info] 
[info] Play is run entirely by the community. Please consider contributing and/or donating:
[info] https://www.playframework.com/sponsors
[info] 
[debug] > Exec(apply -cp "/Users/shawnmeier/Library/Application Support/JetBrains/IdeaIC2025.2/plugins/Scala/repo/org/jetbrains/scala/sbt-structure-extractor_2.12_1.3/2025.3.1/sbt-structure-extractor_2.12_1.3-2025.3.1.jar" "org.jetbrains.sbt.CreateTasks" "sbt.jetbrains.LogDownloadArtifacts", None, Some(CommandSource(console0)))
[info] Applying State transformations org.jetbrains.sbt.CreateTasks, sbt.jetbrains.LogDownloadArtifacts from /Users/shawnmeier/Library/Application Support/JetBrains/IdeaIC2025.2/plugins/Scala/repo/org/jetbrains/scala/sbt-structure-extractor_2.12_1.3/2025.3.1/sbt-structure-extractor_2.12_1.3-2025.3.1.jar
[info] Reapplying settings...
[info]   __              __
[info]   \ \     ____   / /____ _ __  __
[info]    \ \   / __ \ / // __ `// / / /
[info]    / /  / /_/ // // /_/ // /_/ /
[info]   /_/  / .___//_/ \__,_/ \__, /
[info]       /_/               /____/
[info] 
[info] Version 2.9.6 running Java 21.0.9
[info] 
[info] Play is run entirely by the community. Please consider contributing and/or donating:
[info] https://www.playframework.com/sponsors
[info] 
[info] Reapplying settings...
[info]   __              __
[info]   \ \     ____   / /____ _ __  __
[info]    \ \   / __ \ / // __ `// / / /
[info]    / /  / /_/ // // /_/ // /_/ /
[info]   /_/  / .___//_/ \__,_/ \__, /
[info]       /_/               /____/
[info] 
[info] Version 2.9.6 running Java 21.0.9
[info] 
[info] Play is run entirely by the community. Please consider contributing and/or donating:
[info] https://www.playframework.com/sponsors
[info] 
[debug] > Exec(preferScala2, None, Some(CommandSource(console0)))
[debug] > Exec(Global / dumpStructure, None, Some(CommandSource(console0)))
[debug] Evaluating tasks: Global / dumpStructure
[debug] Running task... Cancel: Signal, check cycles: false, forcegc: true
[info] Generating managed sources in visualPython / Compile, visualPython / Test...
[info] downloading https://repo1.maven.org/maven2/org/playframework/play-streams_2.13/3.0.0/play-streams_2.13-3.0.0-sources.jar
[info] downloading https://repo1.maven.org/maven2/org/seleniumhq/selenium/selenium-manager/4.15.0/selenium-manager-4.15.0-sources.jar
[info] downloading https://repo1.maven.org/maven2/org/playframework/play-ws-standalone_2.13/3.0.0/play-ws-standalone_2.13-3.0.0-sources.jar
[info] downloading https://repo1.maven.org/maven2/com/typesafe/play/play-logback_2.13/2.9.6/play-logback_2.13-2.9.6-sources.jar
[info] downloading https://repo1.maven.org/maven2/org/scala-lang/scala-reflect/2.13.15/scala-reflect-2.13.15-sources.jar
[info] downloading https://repo1.maven.org/maven2/org/scalatest/scalatest-shouldmatchers_2.13/3.2.19/scalatest-shouldmatchers_2.13-3.2.19-sources.jar
[info] downloaded https://repo1.maven.org/maven2/org/seleniumhq/selenium/selenium-manager/4.15.0/selenium-manager-4.15.0-sources.jar
[info] downloading https://repo1.maven.org/maven2/com/typesafe/play/play-json_2.13/2.10.6/play-json_2.13-2.10.6-sources.jar
[info] downloaded https://repo1.maven.org/maven2/org/playframework/play-ws-standalone_2.13/3.0.0/play-ws-standalone_2.13-3.0.0-sources.jar
[info] downloading https://repo1.maven.org/maven2/org/lz4/lz4-java/1.8.0/lz4-java-1.8.0-sources.jar
[info] downloaded https://repo1.maven.org/maven2/com/typesafe/play/play-json_2.13/2.10.6/play-json_2.13-2.10.6-sources.jar
[info] downloading https://repo1.maven.org/maven2/org/seleniumhq/selenium/selenium-devtools-v117/4.15.0/selenium-devtools-v117-4.15.0-sources.jar
[info] downloaded https://repo1.maven.org/maven2/org/lz4/lz4-java/1.8.0/lz4-java-1.8.0-sources.jar
[info] downloading https://repo1.maven.org/maven2/com/typesafe/akka/akka-serialization-jackson_2.13/2.6.21/akka-serialization-jackson_2.13-2.6.21-sources.jar
[info] downloaded https://repo1.maven.org/maven2/com/typesafe/akka/akka-serialization-jackson_2.13/2.6.21/akka-serialization-jackson_2.13-2.6.21-sources.jar
[info] downloading https://repo1.maven.org/maven2/org/playframework/play-configuration_2.13/3.0.0/play-configuration_2.13-3.0.0-sources.jar
[info] downloaded https://repo1.maven.org/maven2/com/typesafe/play/play-logback_2.13/2.9.6/play-logback_2.13-2.9.6-sources.jar
[info] downloading https://repo1.maven.org/maven2/org/slf4j/jul-to-slf4j/2.0.16/jul-to-slf4j-2.0.16-sources.jar
[info] downloaded https://repo1.maven.org/maven2/org/playframework/play-streams_2.13/3.0.0/play-streams_2.13-3.0.0-sources.jar
[info] downloading https://repo1.maven.org/maven2/org/seleniumhq/selenium/selenium-http/4.15.0/selenium-http-4.15.0-sources.jar
[info] downloaded https://repo1.maven.org/maven2/org/seleniumhq/selenium/selenium-devtools-v117/4.15.0/selenium-devtools-v117-4.15.0-sources.jar
[info] downloading https://repo1.maven.org/maven2/org/playframework/play-server_2.13/3.0.0/play-server_2.13-3.0.0-sources.jar
[info] downloaded https://repo1.maven.org/maven2/org/slf4j/jul-to-slf4j/2.0.16/jul-to-slf4j-2.0.16-sources.jar
[info] downloading https://repo1.maven.org/maven2/org/scalatest/scalatest-propspec_2.13/3.2.19/scalatest-propspec_2.13-3.2.19-sources.jar
[info] downloaded https://repo1.maven.org/maven2/org/playframework/play-configuration_2.13/3.0.0/play-configuration_2.13-3.0.0-sources.jar
[info] downloading https://repo1.maven.org/maven2/org/seleniumhq/selenium/selenium-devtools-v119/4.15.0/selenium-devtools-v119-4.15.0-sources.jar
[info] downloaded https://repo1.maven.org/maven2/org/scala-lang/scala-reflect/2.13.15/scala-reflect-2.13.15-sources.jar
[info] downloading https://repo1.maven.org/maven2/org/seleniumhq/selenium/selenium-safari-driver/4.15.0/selenium-safari-driver-4.15.0-sources.jar
[info] downloaded https://repo1.maven.org/maven2/org/scalatest/scalatest-propspec_2.13/3.2.19/scalatest-propspec_2.13-3.2.19-sources.jar
[info] downloading https://repo1.maven.org/maven2/com/typesafe/play/play-filters-helpers_2.13/2.9.6/play-filters-helpers_2.13-2.9.6-sources.jar
[info] downloaded https://repo1.maven.org/maven2/org/playframework/play-server_2.13/3.0.0/play-server_2.13-3.0.0-sources.jar
[info] downloading https://repo1.maven.org/maven2/commons-logging/commons-logging/1.2/commons-logging-1.2-sources.jar
[info] downloaded https://repo1.maven.org/maven2/org/seleniumhq/selenium/selenium-safari-driver/4.15.0/selenium-safari-driver-4.15.0-sources.jar
[info] downloading https://repo1.maven.org/maven2/org/apache/pekko/pekko-stream_2.13/1.0.1/pekko-stream_2.13-1.0.1-sources.jar
[info] downloaded https://repo1.maven.org/maven2/com/typesafe/play/play-filters-helpers_2.13/2.9.6/play-filters-helpers_2.13-2.9.6-sources.jar
[info] downloading https://repo1.maven.org/maven2/org/scalactic/scalactic_2.13/3.2.19/scalactic_2.13-3.2.19-sources.jar
[info] downloaded https://repo1.maven.org/maven2/commons-logging/commons-logging/1.2/commons-logging-1.2-sources.jar
[info] downloading https://repo1.maven.org/maven2/org/seleniumhq/selenium/selenium-chrome-driver/4.15.0/selenium-chrome-driver-4.15.0-sources.jar
[info] downloaded https://repo1.maven.org/maven2/org/seleniumhq/selenium/selenium-chrome-driver/4.15.0/selenium-chrome-driver-4.15.0-sources.jar
[info] downloading https://repo1.maven.org/maven2/org/scalatest/scalatest-funspec_2.13/3.2.19/scalatest-funspec_2.13-3.2.19-sources.jar
[info] downloaded https://repo1.maven.org/maven2/org/scalatest/scalatest-funspec_2.13/3.2.19/scalatest-funspec_2.13-3.2.19-sources.jar
[info] downloading https://repo1.maven.org/maven2/org/scalatest/scalatest-mustmatchers_2.13/3.2.19/scalatest-mustmatchers_2.13-3.2.19-sources.jar
[info] downloaded https://repo1.maven.org/maven2/org/scalatest/scalatest-mustmatchers_2.13/3.2.19/scalatest-mustmatchers_2.13-3.2.19-sources.jar
[info] downloading https://repo1.maven.org/maven2/com/typesafe/play/play-exceptions/2.9.6/play-exceptions-2.9.6-sources.jar
[info] downloaded https://repo1.maven.org/maven2/org/seleniumhq/selenium/selenium-http/4.15.0/selenium-http-4.15.0-sources.jar
[info] downloading https://repo1.maven.org/maven2/org/playframework/play_2.13/3.0.0/play_2.13-3.0.0-sources.jar
[info] downloaded https://repo1.maven.org/maven2/org/apache/pekko/pekko-stream_2.13/1.0.1/pekko-stream_2.13-1.0.1-sources.jar
[info] downloading https://repo1.maven.org/maven2/org/seleniumhq/selenium/selenium-devtools-v85/4.15.0/selenium-devtools-v85-4.15.0-sources.jar
[info] downloaded https://repo1.maven.org/maven2/org/scalactic/scalactic_2.13/3.2.19/scalactic_2.13-3.2.19-sources.jar
[info] downloading https://repo1.maven.org/maven2/org/slf4j/jcl-over-slf4j/2.0.16/jcl-over-slf4j-2.0.16-sources.jar
[info] downloaded https://repo1.maven.org/maven2/com/typesafe/play/play-exceptions/2.9.6/play-exceptions-2.9.6-sources.jar
[info] downloading https://repo1.maven.org/maven2/org/seleniumhq/selenium/selenium-firefox-driver/4.15.0/selenium-firefox-driver-4.15.0-sources.jar
[info] downloaded https://repo1.maven.org/maven2/org/seleniumhq/selenium/selenium-devtools-v119/4.15.0/selenium-devtools-v119-4.15.0-sources.jar
[info] downloading https://repo1.maven.org/maven2/org/apache/pekko/pekko-slf4j_2.13/1.0.1/pekko-slf4j_2.13-1.0.1-sources.jar
[info] downloaded https://repo1.maven.org/maven2/org/slf4j/jcl-over-slf4j/2.0.16/jcl-over-slf4j-2.0.16-sources.jar
[info] downloading https://repo1.maven.org/maven2/com/typesafe/play/play-test_2.13/2.9.6/play-test_2.13-2.9.6-sources.jar
[info] downloaded https://repo1.maven.org/maven2/org/apache/pekko/pekko-slf4j_2.13/1.0.1/pekko-slf4j_2.13-1.0.1-sources.jar
[info] downloading https://repo1.maven.org/maven2/com/typesafe/play/play-streams_2.13/2.9.6/play-streams_2.13-2.9.6-sources.jar
[info] downloaded https://repo1.maven.org/maven2/org/seleniumhq/selenium/selenium-firefox-driver/4.15.0/selenium-firefox-driver-4.15.0-sources.jar
[info] downloading https://repo1.maven.org/maven2/org/scalatest/scalatest-funsuite_2.13/3.2.19/scalatest-funsuite_2.13-3.2.19-sources.jar
[info] downloaded https://repo1.maven.org/maven2/org/scalatest/scalatest-shouldmatchers_2.13/3.2.19/scalatest-shouldmatchers_2.13-3.2.19-sources.jar
[info] downloading https://repo1.maven.org/maven2/org/playframework/play-ws-standalone-xml_2.13/3.0.0/play-ws-standalone-xml_2.13-3.0.0-sources.jar
[info] downloaded https://repo1.maven.org/maven2/com/typesafe/play/play-streams_2.13/2.9.6/play-streams_2.13-2.9.6-sources.jar
[info] downloading https://repo1.maven.org/maven2/ch/qos/logback/logback-classic/1.5.12/logback-classic-1.5.12-sources.jar
[info] downloaded https://repo1.maven.org/maven2/org/playframework/play_2.13/3.0.0/play_2.13-3.0.0-sources.jar
[info] downloading https://repo1.maven.org/maven2/org/seleniumhq/selenium/selenium-support/4.15.0/selenium-support-4.15.0-sources.jar
[info] downloaded https://repo1.maven.org/maven2/org/seleniumhq/selenium/selenium-devtools-v85/4.15.0/selenium-devtools-v85-4.15.0-sources.jar
[info] downloading https://repo1.maven.org/maven2/org/scalatest/scalatest-featurespec_2.13/3.2.19/scalatest-featurespec_2.13-3.2.19-sources.jar
[info] downloaded https://repo1.maven.org/maven2/org/scalatest/scalatest-funsuite_2.13/3.2.19/scalatest-funsuite_2.13-3.2.19-sources.jar
[info] downloading https://repo1.maven.org/maven2/org/scalatest/scalatest-refspec_2.13/3.2.19/scalatest-refspec_2.13-3.2.19-sources.jar
[info] downloaded https://repo1.maven.org/maven2/org/seleniumhq/selenium/selenium-support/4.15.0/selenium-support-4.15.0-sources.jar
[info] downloading https://repo1.maven.org/maven2/org/seleniumhq/selenium/selenium-os/4.15.0/selenium-os-4.15.0-sources.jar
[info] downloaded https://repo1.maven.org/maven2/com/typesafe/play/play-test_2.13/2.9.6/play-test_2.13-2.9.6-sources.jar
[info] downloading https://repo1.maven.org/maven2/org/playframework/shaded-asynchttpclient/3.0.0/shaded-asynchttpclient-3.0.0-sources.jar
[info] downloaded https://repo1.maven.org/maven2/org/scalatest/scalatest-featurespec_2.13/3.2.19/scalatest-featurespec_2.13-3.2.19-sources.jar
[info] downloading https://repo1.maven.org/maven2/com/typesafe/akka/akka-http-core_2.13/10.2.10/akka-http-core_2.13-10.2.10-sources.jar
[info] downloaded https://repo1.maven.org/maven2/org/seleniumhq/selenium/selenium-os/4.15.0/selenium-os-4.15.0-sources.jar
[info] downloading https://repo1.maven.org/maven2/org/scalatest/scalatest-core_2.13/3.2.19/scalatest-core_2.13-3.2.19-sources.jar
[info] downloaded https://repo1.maven.org/maven2/org/scalatest/scalatest-refspec_2.13/3.2.19/scalatest-refspec_2.13-3.2.19-sources.jar
[info] downloading https://repo1.maven.org/maven2/com/typesafe/play/twirl-api_2.13/1.6.8/twirl-api_2.13-1.6.8-sources.jar
[info] downloaded https://repo1.maven.org/maven2/org/playframework/play-ws-standalone-xml_2.13/3.0.0/play-ws-standalone-xml_2.13-3.0.0-sources.jar
[info] downloading https://repo1.maven.org/maven2/org/scalatest/scalatest-flatspec_2.13/3.2.19/scalatest-flatspec_2.13-3.2.19-sources.jar
[info] downloaded https://repo1.maven.org/maven2/org/playframework/shaded-asynchttpclient/3.0.0/shaded-asynchttpclient-3.0.0-sources.jar
[info] downloading https://repo1.maven.org/maven2/org/seleniumhq/selenium/selenium-devtools-v118/4.15.0/selenium-devtools-v118-4.15.0-sources.jar
[info] downloaded https://repo1.maven.org/maven2/com/typesafe/play/twirl-api_2.13/1.6.8/twirl-api_2.13-1.6.8-sources.jar
[info] downloading https://repo1.maven.org/maven2/org/seleniumhq/selenium/selenium-java/4.15.0/selenium-java-4.15.0-sources.jar
[info] downloaded https://repo1.maven.org/maven2/org/seleniumhq/selenium/selenium-java/4.15.0/selenium-java-4.15.0-sources.jar
[info] downloading https://repo1.maven.org/maven2/org/seleniumhq/selenium/selenium-edge-driver/4.15.0/selenium-edge-driver-4.15.0-sources.jar
[info] downloaded https://repo1.maven.org/maven2/ch/qos/logback/logback-classic/1.5.12/logback-classic-1.5.12-sources.jar
[info] downloading https://repo1.maven.org/maven2/ch/qos/logback/logback-core/1.5.12/logback-core-1.5.12-sources.jar
[info] downloaded https://repo1.maven.org/maven2/org/scalatest/scalatest-flatspec_2.13/3.2.19/scalatest-flatspec_2.13-3.2.19-sources.jar
[info] downloading https://repo1.maven.org/maven2/commons-io/commons-io/2.11.0/commons-io-2.11.0-sources.jar
[info] downloaded https://repo1.maven.org/maven2/org/seleniumhq/selenium/selenium-edge-driver/4.15.0/selenium-edge-driver-4.15.0-sources.jar
[info] downloading https://repo1.maven.org/maven2/com/typesafe/akka/akka-actor-typed_2.13/2.6.21/akka-actor-typed_2.13-2.6.21-sources.jar
[info] downloaded https://repo1.maven.org/maven2/com/typesafe/akka/akka-http-core_2.13/10.2.10/akka-http-core_2.13-10.2.10-sources.jar
[info] downloading https://repo1.maven.org/maven2/org/playframework/cachecontrol_2.13/3.0.0/cachecontrol_2.13-3.0.0-sources.jar
[info] downloaded https://repo1.maven.org/maven2/org/scalatest/scalatest-core_2.13/3.2.19/scalatest-core_2.13-3.2.19-sources.jar
[info] downloading https://repo1.maven.org/maven2/org/playframework/play-ahc-ws_2.13/3.0.0/play-ahc-ws_2.13-3.0.0-sources.jar
[info] downloaded https://repo1.maven.org/maven2/com/typesafe/akka/akka-actor-typed_2.13/2.6.21/akka-actor-typed_2.13-2.6.21-sources.jar
[info] downloading https://repo1.maven.org/maven2/com/typesafe/play/play-akka-http-server_2.13/2.9.6/play-akka-http-server_2.13-2.9.6-sources.jar
[info] downloaded https://repo1.maven.org/maven2/org/playframework/cachecontrol_2.13/3.0.0/cachecontrol_2.13-3.0.0-sources.jar
[info] downloading https://repo1.maven.org/maven2/com/typesafe/akka/akka-protobuf-v3_2.13/2.6.21/akka-protobuf-v3_2.13-2.6.21-sources.jar
[info] downloaded https://repo1.maven.org/maven2/com/typesafe/akka/akka-protobuf-v3_2.13/2.6.21/akka-protobuf-v3_2.13-2.6.21-sources.jar
[info] downloading https://repo1.maven.org/maven2/com/typesafe/akka/akka-stream_2.13/2.6.21/akka-stream_2.13-2.6.21-sources.jar
[info] downloaded https://repo1.maven.org/maven2/com/typesafe/play/play-akka-http-server_2.13/2.9.6/play-akka-http-server_2.13-2.9.6-sources.jar
[info] downloading https://repo1.maven.org/maven2/com/typesafe/play/play-guice_2.13/2.9.6/play-guice_2.13-2.9.6-sources.jar
[info] downloaded https://repo1.maven.org/maven2/commons-io/commons-io/2.11.0/commons-io-2.11.0-sources.jar
[info] downloading https://repo1.maven.org/maven2/org/apache/pekko/pekko-protobuf-v3_2.13/1.0.1/pekko-protobuf-v3_2.13-1.0.1-sources.jar
[info] downloaded https://repo1.maven.org/maven2/ch/qos/logback/logback-core/1.5.12/logback-core-1.5.12-sources.jar
[info] downloading https://repo1.maven.org/maven2/org/seleniumhq/selenium/selenium-ie-driver/4.15.0/selenium-ie-driver-4.15.0-sources.jar
[info] downloaded https://repo1.maven.org/maven2/org/apache/pekko/pekko-protobuf-v3_2.13/1.0.1/pekko-protobuf-v3_2.13-1.0.1-sources.jar
[info] downloading https://repo1.maven.org/maven2/commons-beanutils/commons-beanutils/1.9.4/commons-beanutils-1.9.4-sources.jar
[info] downloaded https://repo1.maven.org/maven2/org/seleniumhq/selenium/selenium-ie-driver/4.15.0/selenium-ie-driver-4.15.0-sources.jar
[info] downloading https://repo1.maven.org/maven2/com/typesafe/play/play-configuration_2.13/2.9.6/play-configuration_2.13-2.9.6-sources.jar
[info] downloaded https://repo1.maven.org/maven2/org/playframework/play-ahc-ws_2.13/3.0.0/play-ahc-ws_2.13-3.0.0-sources.jar
[info] downloading https://repo1.maven.org/maven2/org/playframework/play-test_2.13/3.0.0/play-test_2.13-3.0.0-sources.jar
[info] downloaded https://repo1.maven.org/maven2/org/playframework/play-test_2.13/3.0.0/play-test_2.13-3.0.0-sources.jar
[info] downloading https://repo1.maven.org/maven2/com/typesafe/play/play-functional_2.13/2.10.6/play-functional_2.13-2.10.6-sources.jar
[info] downloaded https://repo1.maven.org/maven2/com/typesafe/play/play-configuration_2.13/2.9.6/play-configuration_2.13-2.9.6-sources.jar
[info] downloading https://repo1.maven.org/maven2/com/typesafe/akka/akka-slf4j_2.13/2.6.21/akka-slf4j_2.13-2.6.21-sources.jar
[info] downloaded https://repo1.maven.org/maven2/com/typesafe/play/play-guice_2.13/2.9.6/play-guice_2.13-2.9.6-sources.jar
[info] downloading https://repo1.maven.org/maven2/org/apache/pekko/pekko-serialization-jackson_2.13/1.0.1/pekko-serialization-jackson_2.13-1.0.1-sources.jar
[info] downloaded https://repo1.maven.org/maven2/com/typesafe/akka/akka-slf4j_2.13/2.6.21/akka-slf4j_2.13-2.6.21-sources.jar
[info] downloading https://repo1.maven.org/maven2/com/typesafe/akka/akka-parsing_2.13/10.2.10/akka-parsing_2.13-10.2.10-sources.jar
[info] downloaded https://repo1.maven.org/maven2/com/typesafe/play/play-functional_2.13/2.10.6/play-functional_2.13-2.10.6-sources.jar
[info] downloading https://repo1.maven.org/maven2/org/scalatest/scalatest_2.13/3.2.19/scalatest_2.13-3.2.19-sources.jar
[info] downloaded https://repo1.maven.org/maven2/com/typesafe/akka/akka-stream_2.13/2.6.21/akka-stream_2.13-2.6.21-sources.jar
[info] downloading https://repo1.maven.org/maven2/org/playframework/play-ahc-ws-standalone_2.13/3.0.0/play-ahc-ws-standalone_2.13-3.0.0-sources.jar
[info] downloaded https://repo1.maven.org/maven2/org/scalatest/scalatest_2.13/3.2.19/scalatest_2.13-3.2.19-sources.jar
[info] downloading https://repo1.maven.org/maven2/org/scala-lang/modules/scala-java8-compat_2.13/1.0.0/scala-java8-compat_2.13-1.0.0-sources.jar
[info] downloaded https://repo1.maven.org/maven2/org/playframework/play-ahc-ws-standalone_2.13/3.0.0/play-ahc-ws-standalone_2.13-3.0.0-sources.jar
[info] downloading https://repo1.maven.org/maven2/org/scalatest/scalatest-matchers-core_2.13/3.2.19/scalatest-matchers-core_2.13-3.2.19-sources.jar
[info] downloaded https://repo1.maven.org/maven2/org/scala-lang/modules/scala-java8-compat_2.13/1.0.0/scala-java8-compat_2.13-1.0.0-sources.jar
[info] downloading https://repo1.maven.org/maven2/org/seleniumhq/selenium/selenium-chromium-driver/4.15.0/selenium-chromium-driver-4.15.0-sources.jar
[info] downloaded https://repo1.maven.org/maven2/com/typesafe/akka/akka-parsing_2.13/10.2.10/akka-parsing_2.13-10.2.10-sources.jar
[info] downloading https://repo1.maven.org/maven2/org/apache/pekko/pekko-actor_2.13/1.0.1/pekko-actor_2.13-1.0.1-sources.jar
[info] downloaded https://repo1.maven.org/maven2/org/apache/pekko/pekko-serialization-jackson_2.13/1.0.1/pekko-serialization-jackson_2.13-1.0.1-sources.jar
[info] downloading https://repo1.maven.org/maven2/org/playframework/shaded-oauth/3.0.0/shaded-oauth-3.0.0-sources.jar
[info] downloaded https://repo1.maven.org/maven2/org/seleniumhq/selenium/selenium-chromium-driver/4.15.0/selenium-chromium-driver-4.15.0-sources.jar
[info] downloading https://repo1.maven.org/maven2/org/apache/pekko/pekko-actor-typed_2.13/1.0.1/pekko-actor-typed_2.13-1.0.1-sources.jar
[info] downloaded https://repo1.maven.org/maven2/commons-beanutils/commons-beanutils/1.9.4/commons-beanutils-1.9.4-sources.jar
[info] downloading https://repo1.maven.org/maven2/org/scala-lang/scala-library/2.13.15/scala-library-2.13.15-sources.jar
[info] downloaded https://repo1.maven.org/maven2/org/scalatest/scalatest-matchers-core_2.13/3.2.19/scalatest-matchers-core_2.13-3.2.19-sources.jar
[info] downloading https://repo1.maven.org/maven2/org/playframework/play-json_2.13/3.0.0/play-json_2.13-3.0.0-sources.jar
[info] downloaded https://repo1.maven.org/maven2/org/playframework/shaded-oauth/3.0.0/shaded-oauth-3.0.0-sources.jar
[info] downloading https://repo1.maven.org/maven2/org/seleniumhq/selenium/selenium-api/4.15.0/selenium-api-4.15.0-sources.jar
[info] downloaded https://repo1.maven.org/maven2/org/apache/pekko/pekko-actor-typed_2.13/1.0.1/pekko-actor-typed_2.13-1.0.1-sources.jar
[info] downloading https://repo1.maven.org/maven2/org/scalatestplus/play/scalatestplus-play_2.13/7.0.1/scalatestplus-play_2.13-7.0.1-sources.jar
[info] downloaded https://repo1.maven.org/maven2/org/playframework/play-json_2.13/3.0.0/play-json_2.13-3.0.0-sources.jar
[info] downloading https://repo1.maven.org/maven2/net/bytebuddy/byte-buddy/1.14.5/byte-buddy-1.14.5-sources.jar
[info] downloaded https://repo1.maven.org/maven2/org/seleniumhq/selenium/selenium-api/4.15.0/selenium-api-4.15.0-sources.jar
[info] downloading https://repo1.maven.org/maven2/org/playframework/play-build-link/3.0.0/play-build-link-3.0.0-sources.jar
[info] downloaded https://repo1.maven.org/maven2/org/playframework/play-build-link/3.0.0/play-build-link-3.0.0-sources.jar
[info] downloading https://repo1.maven.org/maven2/org/playframework/play-functional_2.13/3.0.0/play-functional_2.13-3.0.0-sources.jar
[info] downloaded https://repo1.maven.org/maven2/org/playframework/play-functional_2.13/3.0.0/play-functional_2.13-3.0.0-sources.jar
[info] downloading https://repo1.maven.org/maven2/org/scala-lang/scala-compiler/2.13.15/scala-compiler-2.13.15-sources.jar
[info] downloaded https://repo1.maven.org/maven2/org/apache/pekko/pekko-actor_2.13/1.0.1/pekko-actor_2.13-1.0.1-sources.jar
[info] downloading https://repo1.maven.org/maven2/com/typesafe/config/1.4.3/config-1.4.3-sources.jar
[info] downloaded https://repo1.maven.org/maven2/org/scalatestplus/play/scalatestplus-play_2.13/7.0.1/scalatestplus-play_2.13-7.0.1-sources.jar
[info] downloading https://repo1.maven.org/maven2/org/playframework/play-guice_2.13/3.0.0/play-guice_2.13-3.0.0-sources.jar
[info] downloaded https://repo1.maven.org/maven2/org/playframework/play-guice_2.13/3.0.0/play-guice_2.13-3.0.0-sources.jar
[info] downloading https://repo1.maven.org/maven2/com/typesafe/akka/akka-actor_2.13/2.6.21/akka-actor_2.13-2.6.21-sources.jar
[info] downloaded https://repo1.maven.org/maven2/org/scala-lang/scala-library/2.13.15/scala-library-2.13.15-sources.jar
[info] downloading https://repo1.maven.org/maven2/com/typesafe/play/play-server_2.13/2.9.6/play-server_2.13-2.9.6-sources.jar
[info] downloaded https://repo1.maven.org/maven2/com/typesafe/play/play-server_2.13/2.9.6/play-server_2.13-2.9.6-sources.jar
[info] downloading https://repo1.maven.org/maven2/org/seleniumhq/selenium/selenium-remote-driver/4.15.0/selenium-remote-driver-4.15.0-sources.jar
[info] downloaded https://repo1.maven.org/maven2/com/typesafe/config/1.4.3/config-1.4.3-sources.jar
[info] downloading https://repo1.maven.org/maven2/org/scalatest/scalatest-diagrams_2.13/3.2.19/scalatest-diagrams_2.13-3.2.19-sources.jar
[info] downloaded https://repo1.maven.org/maven2/org/scalatest/scalatest-diagrams_2.13/3.2.19/scalatest-diagrams_2.13-3.2.19-sources.jar
[info] downloading https://repo1.maven.org/maven2/org/scalatest/scalatest-freespec_2.13/3.2.19/scalatest-freespec_2.13-3.2.19-sources.jar
